     1                                  [BITS 32]         ; 32bit modeの機械語
     2                                  ; 関数名
     3                                    GLOBAL    io_hlt,io_cli,io_sti,io_stihlt
     4                                    GLOBAL    io_in8, io_in16, io_in32
     5                                    GLOBAL    io_out8,io_out16,io_out32
     6                                    GLOBAL    io_load_eflags,io_store_eflags
     7                                    GLOBAL    load_gdtr,load_idtr
     8                                  
     9                                  [SECTION .text]   ; オブジェクトファイルではコレを書いてからプログラム記述
    10                                  io_hlt :         ; void io_hlt(void);
    11 00000000 F4                        HLT
    12 00000001 C3                        RET
    13                                  
    14                                  io_cli :
    15 00000002 FA                        CLI
    16 00000003 C3                        RET
    17                                  
    18                                  io_sti :
    19 00000004 FB                        STI
    20 00000005 C3                        RET
    21                                  
    22                                  io_stihlt :
    23 00000006 FB                        STI
    24 00000007 F4                        HLT
    25 00000008 C3                        RET
    26                                  
    27                                  io_in8 :
    28 00000009 8B542404                  MOV   EDX,[ESP+4]  ;port
    29 0000000D B800000000                MOV   EAX,0
    30 00000012 EC                        IN    AL,DX
    31 00000013 C3                        RET
    32                                  
    33                                  io_in16 :
    34 00000014 8B542404                  MOV   EDX,[ESP+4] ;port
    35 00000018 B800000000                MOV   EAX,0
    36 0000001D 66ED                      IN    AX,DX
    37 0000001F C3                        RET
    38                                  
    39                                  io_in32 :
    40 00000020 8B542404                  MOV   EDX,[ESP+4] ;port
    41 00000024 B800000000                MOV   EAX,0
    42 00000029 ED                        IN    EAX,DX
    43 0000002A C3                        RET
    44                                  
    45                                  io_out8 :
    46 0000002B 8B542404                  MOV   EDX,[ESP+4] ;port
    47 0000002F 8A442408                  MOV   AL,[ESP+8]  ;data
    48 00000033 EE                        OUT   DX,AL
    49 00000034 C3                        RET
    50                                  
    51                                  io_out16 :
    52 00000035 8B542404                  MOV   EDX,[ESP+4] ;port
    53 00000039 8B442408                  MOV   EAX,[ESP+8] ;data
    54 0000003D 66EF                      OUT   DX,AX
    55 0000003F C3                        RET
    56                                  
    57                                  io_out32 :
    58 00000040 8B542404                  MOV   EDX,[ESP+4] ;port
    59 00000044 8B442408                  MOV   EAX,[ESP+8] ;data
    60 00000048 EF                        OUT   DX,EAX
    61 00000049 C3                        RET
    62                                  
    63                                  io_load_eflags :
    64 0000004A 9C                        PUSHFD
    65 0000004B 58                        POP   EAX
    66 0000004C C3                        RET
    67                                  
    68                                  io_store_eflags :
    69 0000004D 8B442404                  MOV   EAX,[ESP+4] ;eflags
    70 00000051 50                        PUSH  EAX
    71 00000052 9D                        POPFD
    72 00000053 C3                        RET
    73                                  
    74                                  load_gdtr :
    75 00000054 C3                        RET
    76                                  
    77                                  load_idtr :
    78 00000055 C3                        RET
