     1                                  ;haribote-os;
     2                                  
     3                                  BOTPAK    EQU 0x00280000              ; bootpackのロード先
     4                                  DSKCAC    EQU 0x00100000              ; ディスクキャッシュの場所
     5                                  DSKCAC0   EQU 0x00008000              ; ディスクキャッシュの場所（リアルモード）
     6                                  VBEMODE   EQU 0x105                   ; 後から変更できるように
     7                                  
     8                                  ;BOOT_INFO
     9                                  CYLS  EQU   0x0ff0      ; ブートセクタが設定
    10                                  LEDS  EQU   0x0ff1
    11                                  VMODE EQU   0x0ff2      ; 色数に関する情報。何ビットカラーか？
    12                                  SCRNX EQU   0x0ff4      ; 解像度：X
    13                                  SCRNY EQU   0x0ff6      ; 解像度：Y
    14                                  VRAM  EQU   0x0ff8      ; グラフィックバッファの開始番地
    15                                  
    16                                    ORG     0xc200    ; プログラム開始番地
    17                                  
    18                                  ; VBE存在確認
    19 00000000 B80090                    MOV   AX,0x9000
    20 00000003 8EC0                      MOV   ES,AX
    21 00000005 BF0000                    MOV   DI,0
    22 00000008 B8004F                    MOV   AX,0x4f00
    23 0000000B CD10                      INT   0x10
    24 0000000D 83F84F                    CMP   AX,0x004f
    25 00000010 7552                      JNE   scrn320
    26                                  
    27                                  ; VBEバージョンチェック
    28 00000012 268B4504                  MOV   AX,[ES:DI+4]
    29 00000016 3D0002                    CMP   AX,0x0200
    30 00000019 7249                      JB    scrn320
    31                                  
    32                                  ; 画面モード情報を得る
    33 0000001B B90501                    MOV   CX,VBEMODE
    34 0000001E B8014F                    MOV   AX,0x4f01
    35 00000021 CD10                      INT   0x10
    36 00000023 83F84F                    CMP   AX,0x004f
    37 00000026 753C                      JNE   scrn320
    38                                  
    39                                  ; 画面モード情報の確認
    40 00000028 26807D1908                CMP   BYTE [ES:DI+0x19],8
    41 0000002D 7535                      JNE   scrn320
    42 0000002F 26807D1B04                CMP   BYTE [ES:DI+0x1b],4
    43 00000034 752E                      JNE   scrn320
    44 00000036 268B05                    MOV   AX,[ES:DI+0x00]
    45 00000039 258000                    AND   AX,0x0080
    46 0000003C 7426                      JZ    scrn320
    47                                  
    48                                  ; 画面モードの切替
    49 0000003E BB0541                    MOV     BX,VBEMODE + 0x4000   ; VGAグラフィックス 640x480x8bit color
    50 00000041 B8024F                    MOV     AX,0x4f02
    51 00000044 CD10                      INT     0x10
    52 00000046 C606F20F08                MOV     BYTE [VMODE],8    ; 画面モードをメモ
    53 0000004B 268B4512                  MOV     AX,[ES:DI+0x12]
    54 0000004F A3F40F                    MOV     WORD [SCRNX],AX
    55 00000052 268B4514                  MOV     AX,[ES:DI+0x14]
    56 00000056 A3F60F                    MOV     WORD [SCRNY],AX
    57 00000059 26668B4528                MOV     EAX,[ES:DI+0x28]
    58 0000005E 66A3F80F                  MOV     DWORD [VRAM],EAX
    59 00000062 EB20                      JMP     keystatus
    60                                  
    61                                  ; 画面モード設定(初期設定)
    62                                  scrn320 :
    63 00000064 B013                      MOV     AL,0x13   ; VGAグラフィックス 320x200x8bit color
    64                                  
    65 00000066 B400                      MOV     AH,0x00
    66 00000068 CD10                      INT     0x10
    67 0000006A C606F20F08                MOV     BYTE [VMODE],8    ; 画面モードをメモ
    68 0000006F C706F40F4001              MOV     WORD [SCRNX],320
    69 00000075 C706F60FC800              MOV     WORD [SCRNY],200
    70 0000007B 66C706F80F00000A00        MOV     DWORD [VRAM], 0x000a0000
    71                                  
    72                                  
    73                                  ; キーボードのLED状態をBIOSから取得
    74                                  keystatus :
    75 00000084 B402                      MOV     AH,0x02
    76 00000086 CD16                      INT     0x16
    77 00000088 A2F10F                    MOV     [LEDS],AL
    78                                  
    79                                  ; PICが一切の割り込みを受け付けないようにする
    80                                  ;       AT互換機の仕様では、PICの初期化をするなら、
    81                                  ;       こいつをCLI前にやっておかないと、たまにハングアップする
    82                                  ;       PICの初期化はあとでやる
    83                                  
    84 0000008B B0FF                      MOV     AL,0xff
    85 0000008D E621                      OUT     0x21,AL
    86 0000008F 90                        NOP             ; OUT命令を連続させるとうまくいかない機種があるらしいので
    87 00000090 E6A1                      OUT     0xa1,AL
    88                                  
    89 00000092 FA                        CLI             ; さらにCPUレベルでも割り込み禁止
    90                                  
    91                                  ; CPUから1MB以上のメモリにアクセスできるように、A20GATEを設定
    92 00000093 E8B500                    CALL    waitkbdout
    93 00000096 B0D1                      MOV     AL,0xd1
    94 00000098 E664                      OUT     0x64,AL
    95 0000009A E8AE00                    CALL    waitkbdout
    96 0000009D B0DF                      MOV     AL,0xdf                 ; enable A20
    97 0000009F E660                      OUT     0x60,AL
    98 000000A1 E8A700                    CALL    waitkbdout
    99                                  
   100                                  ; プロテクトモード移行
   101                                  ;[INSTRSET "i486p"]           ; 486の命令まで使いたいという記述
   102                                  
   103 000000A4 0F0116[8A01]              LGDT    [GDTR0]                 ; 暫定GDTを設定
   104 000000A9 0F20C0                    MOV     EAX,CR0
   105 000000AC 6625FFFFFF7F              AND     EAX,0x7fffffff  ; bit31を0にする（ページング禁止のため）
   106 000000B2 6683C801                  OR      EAX,0x00000001  ; bit0を1にする（プロテクトモード移行のため）
   107                                  
   108 000000B6 0F22C0                    MOV     CR0,EAX
   109 000000B9 EB00                      JMP     pipelineflush
   110                                  pipelineflush:
   111 000000BB B80800                    MOV     AX,1*8                  ;  読み書き可能セグメント32bit
   112 000000BE 8ED8                      MOV     DS,AX
   113 000000C0 8EC0                      MOV     ES,AX
   114 000000C2 8EE0                      MOV     FS,AX
   115 000000C4 8EE8                      MOV     GS,AX
   116 000000C6 8ED0                      MOV     SS,AX
   117                                  
   118                                  ; bootpackの転送
   119 000000C8 66BE[90010000]            MOV     ESI,bootpack    ; 転送元
   120 000000CE 66BF00002800              MOV     EDI,BOTPAK              ; 転送先
   121 000000D4 66B900000200              MOV     ECX,512*1024/4
   122 000000DA E87500                    CALL    memcpy
   123                                  
   124                                  ; ついでにディスクデータも本来の位置へ転送
   125                                  ; まずはブートセクタから
   126 000000DD 66BE007C0000              MOV     ESI,0x7c00              ; 転送元
   127 000000E3 66BF00001000              MOV     EDI,DSKCAC              ; 転送先
   128 000000E9 66B980000000              MOV     ECX,512/4
   129 000000EF E86000                    CALL    memcpy
   130                                  
   131                                  ; 残り全部
   132 000000F2 66BE00820000              MOV     ESI,DSKCAC0+512 ; 転送元
   133 000000F8 66BF00021000              MOV     EDI,DSKCAC+512  ; 転送先
   134 000000FE 66B900000000              MOV     ECX,0
   135 00000104 8A0EF00F                  MOV     CL,BYTE [CYLS]
   136 00000108 6669C900120000            IMUL    ECX,512*18*2/4  ; シリンダ数からバイト数/4に変換
   137 0000010F 6681E980000000            SUB     ECX,512/4       ; IPLの分だけ差し引く
   138 00000116 E83900                    CALL    memcpy
   139                                  
   140                                  ; asmheadでしなければいけないことは全部し終わったので、
   141                                  ;       あとはbootpackに任せる
   142                                  
   143                                  ; bootpackの起動
   144 00000119 66BB00002800              MOV     EBX,BOTPAK
   145 0000011F 66678B4B10                MOV     ECX,[EBX+16]
   146 00000124 6683C103                  ADD     ECX,3                   ; ECX += 3;
   147 00000128 66C1E902                  SHR     ECX,2                   ; ECX /= 4;
   148 0000012C 7410                      JZ      skip                    ; 転送するべきものがない
   149 0000012E 66678B7314                MOV     ESI,[EBX+20]    ; 転送元
   150 00000133 6601DE                    ADD     ESI,EBX
   151 00000136 66678B7B0C                MOV     EDI,[EBX+12]    ; 転送先
   152 0000013B E81400                    CALL    memcpy
   153                                  skip:
   154 0000013E 66678B630C                MOV     ESP,[EBX+12]    ; スタック初期値
   155 00000143 66EA1B0000001000          JMP     DWORD 2*8:0x0000001b
   156                                  
   157                                  waitkbdout:
   158 0000014B E464                      IN      AL,0x64
   159 0000014D 2402                      AND     AL,0x02
   160 0000014F 75FA                      JNZ     waitkbdout        ; ANDの結果が0でなければwaitkbdoutへ
   161                                  
   162 00000151 C3                        RET
   163                                  
   164                                  memcpy:
   165 00000152 66678B06                  MOV     EAX,[ESI]
   166 00000156 6683C604                  ADD     ESI,4
   167 0000015A 66678907                  MOV     [EDI],EAX
   168 0000015E 6683C704                  ADD     EDI,4
   169 00000162 6683E901                  SUB     ECX,1
   170 00000166 75EA                      JNZ     memcpy                  ; 引き算した結果が0でなければmemcpyへ
   171 00000168 C3                        RET
   172                                  
   173                                  ; memcpyはアドレスサイズプリフィクスを入れ忘れなければ、ストリング命令でも書ける
   174 00000169 00<rept>                  ALIGNB  16, DB 0
   175                                  GDT0:
   176 00000170 00<rept>                  TIMES    8 DB 0                         ; ヌルセレクタ
   177 00000178 FFFF00000092CF00          DW      0xffff,0x0000,0x9200,0x00cf     ; 読み書き可能セグメント32bit
   178 00000180 FFFF0000289A4700          DW      0xffff,0x0000,0x9a28,0x0047     ; 実行可能セグメント32bit（bootpack用）
   179                                  
   180 00000188 0000                      DW      0
   181                                  GDTR0:
   182 0000018A 1700                      DW      8*3-1
   183 0000018C [70010000]                DD      GDT0
   184                                  
   185                                    ALIGNB  16, DB 0
   186                                  bootpack:
